<?xml version="1.0" encoding="UTF-8"?>
<testng-results ignored="0" total="1" passed="1" failed="0" skipped="0">
  <reporter-output>
  </reporter-output>
  <suite started-at="2023-04-19T23:25:17 IST" name="Default suite" finished-at="2023-04-19T23:26:08 IST" duration-ms="51097">
    <groups>
    </groups>
    <test started-at="2023-04-19T23:25:17 IST" name="Default test" finished-at="2023-04-19T23:26:08 IST" duration-ms="51097">
      <class name="stockmarket.tests.SubmitOrder">
        <test-method is-config="true" signature="launchApplication()[pri:0, instance:stockmarket.tests.SubmitOrder@16d04d3d]" started-at="2023-04-19T23:25:17 IST" name="launchApplication" finished-at="2023-04-19T23:26:07 IST" duration-ms="50028" status="PASS">
          <reporter-output>
          </reporter-output>
        </test-method> <!-- launchApplication -->
        <test-method signature="submitOrder()[pri:0, instance:stockmarket.tests.SubmitOrder@16d04d3d]" started-at="2023-04-19T23:26:07 IST" name="submitOrder" finished-at="2023-04-19T23:26:08 IST" duration-ms="993" status="PASS">
          <reporter-output>
          </reporter-output>
        </test-method> <!-- submitOrder -->
      </class> <!-- stockmarket.tests.SubmitOrder -->
    </test> <!-- Default test -->
  </suite> <!-- Default suite -->
</testng-results>
